#
# A fatal error has been detected by the Java Runtime Environment:
#
#  EXCEPTION_ACCESS_VIOLATION (0xc0000005) at pc=0x00007ffced1791b0, pid=19760, tid=11748
#
# JRE version: OpenJDK Runtime Environment (19.0+36) (build 19+36-2238)
# Java VM: OpenJDK 64-Bit Server VM (19+36-2238, mixed mode, emulated-client, sharing, tiered, compressed oops, compressed class ptrs, g1 gc, windows-amd64)
# Problematic frame:
# V  [jvm.dll+0x3591b0]
#
# No core dump will be written. Minidumps are not enabled by default on client versions of Windows
#
# If you would like to submit a bug report, please visit:
#   https://bugreport.java.com/bugreport/crash.jsp
#

---------------  S U M M A R Y ------------

Command Line: -XX:+ShowCodeDetailsInExceptionMessages -agentlib:jdwp=transport=dt_socket,suspend=y,address=localhost:54033 -Dcom.sun.management.jmxremote -Dcom.sun.management.jmxremote.port=54029 -Dcom.sun.management.jmxremote.authenticate=false -Dcom.sun.management.jmxremote.ssl=false -Djava.rmi.server.hostname=localhost -Dspring.jmx.enabled=true -Dspring.liveBeansView.mbeanDomain -Dspring.application.admin.enabled=true -Xverify:none -XX:TieredStopAtLevel=1 -Dspring.boot.project.name=AccountBook -javaagent:C:\Users\walma\eclipse\java-2020-09\eclipse\configuration\org.eclipse.osgi\215\0\.cp\lib\javaagent-shaded.jar -Dfile.encoding=UTF-8 com.accountbook.AccountBookApplication

Host: Intel(R) Core(TM) i5-4570 CPU @ 3.20GHz, 4 cores, 7G,  Windows 10 , 64 bit Build 19041 (10.0.19041.2913)
Time: Mon May 22 23:17:22 2023  Windows 10 , 64 bit Build 19041 (10.0.19041.2913) elapsed time: 614.088778 seconds (0d 0h 10m 14s)

---------------  T H R E A D  ---------------

Current thread (0x00000255139fbc90):  WorkerThread "GC Thread#1" [stack: 0x000000d8d3600000,0x000000d8d3700000] [id=11748]

Stack: [0x000000d8d3600000,0x000000d8d3700000],  sp=0x000000d8d36fdf80,  free space=1015k
Native frames: (J=compiled Java code, j=interpreted, Vv=VM code, C=native code)
V  [jvm.dll+0x3591b0]
V  [jvm.dll+0x36be08]
V  [jvm.dll+0x3187ed]
V  [jvm.dll+0x31822d]
V  [jvm.dll+0x805677]
V  [jvm.dll+0x8054e9]
V  [jvm.dll+0x805b36]
V  [jvm.dll+0x36c41c]
V  [jvm.dll+0x36c2b5]
V  [jvm.dll+0x374ff4]
V  [jvm.dll+0x37516b]
V  [jvm.dll+0x8839c7]
V  [jvm.dll+0x8015fa]
V  [jvm.dll+0x6ed5eb]
C  [ucrtbase.dll+0x21bb2]
C  [KERNEL32.DLL+0x17614]
C  [ntdll.dll+0x526a1]

JavaThread 0x0000025513c47760 (nid = 22320) was being processed
Java frames: (J=compiled Java code, j=interpreted, Vv=VM code)
j  java.lang.invoke.DirectMethodHandle$Holder.newInvokeSpecial(Ljava/lang/Object;)Ljava/lang/Object;+15 java.base@19
J 860 c1 jdk.internal.reflect.DirectConstructorHandleAccessor.newInstance([Ljava/lang/Object;)Ljava/lang/Object; java.base@19 (148 bytes) @ 0x000002557d1ad48c [0x000002557d1ad2c0+0x00000000000001cc]
J 829 c1 java.lang.reflect.Constructor.newInstanceWithCaller([Ljava/lang/Object;ZLjava/lang/Class;)Ljava/lang/Object; java.base@19 (51 bytes) @ 0x000002557d112ffc [0x000002557d112f40+0x00000000000000bc]
J 2985 c1 org.springframework.beans.BeanUtils.instantiateClass(Ljava/lang/reflect/Constructor;[Ljava/lang/Object;)Ljava/lang/Object; (187 bytes) @ 0x000002557d5492ec [0x000002557d548ee0+0x000000000000040c]
J 6715 c1 org.springframework.beans.factory.support.SimpleInstantiationStrategy.instantiate(Lorg/springframework/beans/factory/support/RootBeanDefinition;Ljava/lang/String;Lorg/springframework/beans/factory/BeanFactory;)Ljava/lang/Object; (152 bytes) @ 0x000002557dbc1784 [0x000002557dbc1320+0x0000000000000464]
J 6714 c1 org.springframework.beans.factory.support.AbstractAutowireCapableBeanFactory.instantiateBean(Ljava/lang/String;Lorg/springframework/beans/factory/support/RootBeanDefinition;)Lorg/springframework/beans/BeanWrapper; (75 bytes) @ 0x000002557dbc07bc [0x000002557dbc0720+0x000000000000009c]
J 6460 c1 org.springframework.beans.factory.support.AbstractAutowireCapableBeanFactory.createBeanInstance(Ljava/lang/String;Lorg/springframework/beans/factory/support/RootBeanDefinition;[Ljava/lang/Object;)Lorg/springframework/beans/BeanWrapper; (254 bytes) @ 0x000002557daa2854 [0x000002557daa2220+0x0000000000000634]
J 5712 c1 org.springframework.beans.factory.support.AbstractAutowireCapableBeanFactory.doCreateBean(Ljava/lang/String;Lorg/springframework/beans/factory/support/RootBeanDefinition;[Ljava/lang/Object;)Ljava/lang/Object; (507 bytes) @ 0x000002557d927f6c [0x000002557d927de0+0x000000000000018c]
J 5710 c1 org.springframework.beans.factory.support.AbstractAutowireCapableBeanFactory.createBean(Ljava/lang/String;Lorg/springframework/beans/factory/support/RootBeanDefinition;[Ljava/lang/Object;)Ljava/lang/Object; (247 bytes) @ 0x000002557d9259bc [0x000002557d925400+0x00000000000005bc]
J 5721 c1 org.springframework.beans.factory.support.AbstractBeanFactory$$Lambda$374+0x0000000801245050.getObject()Ljava/lang/Object; (20 bytes) @ 0x000002557d93071c [0x000002557d9306a0+0x000000000000007c]
J 5717 c1 org.springframework.beans.factory.support.DefaultSingletonBeanRegistry.getSingleton(Ljava/lang/String;Lorg/springframework/beans/factory/ObjectFactory;)Ljava/lang/Object; (297 bytes) @ 0x000002557d92c8ec [0x000002557d92c4e0+0x000000000000040c]
J 3247 c1 org.springframework.beans.factory.support.AbstractBeanFactory.doGetBean(Ljava/lang/String;Ljava/lang/Class;[Ljava/lang/Object;Z)Ljava/lang/Object; (832 bytes) @ 0x000002557d5bf4bc [0x000002557d5beee0+0x00000000000005dc]
J 4570 c1 org.springframework.beans.factory.support.AbstractBeanFactory.getBean(Ljava/lang/String;)Ljava/lang/Object; (9 bytes) @ 0x000002557d83b624 [0x000002557d83b5c0+0x0000000000000064]
j  org.springframework.beans.factory.support.DefaultListableBeanFactory.preInstantiateSingletons()V+248
j  org.springframework.context.support.AbstractApplicationContext.finishBeanFactoryInitialization(Lorg/springframework/beans/factory/config/ConfigurableListableBeanFactory;)V+124
j  org.springframework.context.support.AbstractApplicationContext.refresh()V+86
j  org.springframework.boot.web.servlet.context.ServletWebServerApplicationContext.refresh()V+1
j  org.springframework.boot.SpringApplication.refresh(Lorg/springframework/context/ConfigurableApplicationContext;)V+1
j  org.springframework.boot.SpringApplication.refreshContext(Lorg/springframework/context/ConfigurableApplicationContext;)V+16
j  org.springframework.boot.SpringApplication.run([Ljava/lang/String;)Lorg/springframework/context/ConfigurableApplicationContext;+107
j  org.springframework.boot.SpringApplication.run([Ljava/lang/Class;[Ljava/lang/String;)Lorg/springframework/context/ConfigurableApplicationContext;+9
j  org.springframework.boot.SpringApplication.run(Ljava/lang/Class;[Ljava/lang/String;)Lorg/springframework/context/ConfigurableApplicationContext;+9
j  com.accountbook.AccountBookApplication.main([Ljava/lang/String;)V+3
j  java.lang.invoke.LambdaForm$DMH+0x0000000801004000.invokeStatic(Ljava/lang/Object;Ljava/lang/Object;)V+10 java.base@19
j  java.lang.invoke.LambdaForm$MH+0x00000008014a4800.invoke(Ljava/lang/Object;Ljava/lang/Object;Ljava/lang/Object;)Ljava/lang/Object;+33 java.base@19
J 2623 c1 java.lang.reflect.Method.invoke(Ljava/lang/Object;[Ljava/lang/Object;)Ljava/lang/Object; java.base@19 (108 bytes) @ 0x000002557d498f0c [0x000002557d4985a0+0x000000000000096c]
j  org.springframework.boot.devtools.restart.RestartLauncher.run()V+42
v  ~StubRoutines::call_stub 0x000002557ce3100e

siginfo: EXCEPTION_ACCESS_VIOLATION (0xc0000005), reading address 0x00000271000007e8


Registers:
RAX=0x0000027100000740, RBX=0x0000000000000000, RCX=0x0000000000000000, RDX=0x00000000000d8d41
RSP=0x000000d8d36fdf80, RBP=0x000000000000000c, RSI=0x000000d8d36fe330, RDI=0x000000d8d41fdde0
R8 =0x0000000800738bb7, R9 =0x000000000e717900, R10=0x000000d8d41fdde0, R11=0x000000d8d36fe1d8
R12=0x000000000e717900, R13=0x0000000800738bb7, R14=0x000000d8d41fdde0, R15=0x0000025514cf3610
RIP=0x00007ffced1791b0, EFLAGS=0x0000000000010207


Register to memory mapping:

RIP=0x00007ffced1791b0 jvm.dll
RAX=0x0000027100000740 is an unknown value
RBX=0x0 is NULL
RCX=0x0 is NULL
RDX=0x00000000000d8d41 is an unknown value
RSP=0x000000d8d36fdf80 points into unknown readable memory: 0x000000000000000f | 0f 00 00 00 00 00 00 00
RBP=0x000000000000000c is an unknown value
RSI=0x000000d8d36fe330 points into unknown readable memory: 0x000000d8d41fddd8 | d8 dd 1f d4 d8 00 00 00
RDI=0x000000d8d41fdde0 is pointing into the stack for thread: 0x0000025513c47760
R8 =0x0000000800738bb7 is pointing into metadata
R9 =0x000000000e717900 is an unknown value
R10=0x000000d8d41fdde0 is pointing into the stack for thread: 0x0000025513c47760
R11=0x000000d8d36fe1d8 points into unknown readable memory: 0x00007ffced13822d | 2d 82 13 ed fc 7f 00 00
R12=0x000000000e717900 is an unknown value
R13=0x0000000800738bb7 is pointing into metadata
R14=0x000000d8d41fdde0 is pointing into the stack for thread: 0x0000025513c47760
R15=0x0000025514cf3610 points into unknown readable memory: 0x00007ffced7b60a0 | a0 60 7b ed fc 7f 00 00


Top of Stack: (sp=0x000000d8d36fdf80)
0x000000d8d36fdf80:   000000000000000f 0000000000000003
0x000000d8d36fdf90:   0000000000000175 00007ffced4fdb13
0x000000d8d36fdfa0:   0000000000000175 000002551396b920
0x000000d8d36fdfb0:   000000d8d41fdde0 0000027100000740
0x000000d8d36fdfc0:   000000d8d41fdde0 0000000000000008
0x000000d8d36fdfd0:   000000d8d3dff668 000002551399cb90
0x000000d8d36fdfe0:   0000000000000001 00000000000003d8
0x000000d8d36fdff0:   0000000000000000 0000025514e93568
0x000000d8d36fe000:   000000d8d36fe330 000000d8d36fe150
0x000000d8d36fe010:   000000d8d41fdde0 00007ffced18be08
0x000000d8d36fe020:   000000d8d36f0000 000000d8d36f000f
0x000000d8d36fe030:   0000000800470090 0000000000000000
0x000000d8d36fe040:   0000025514e93568 00007ffced1387ed
0x000000d8d36fe050:   0000000000000003 0000000000000003
0x000000d8d36fe060:   0000025514e93568 000000d8d36fe330
0x000000d8d36fe070:   0000000f7db07801 00000008000d97f8 

Instructions: (pc=0x00007ffced1791b0)
0x00007ffced1790b0:   41 5f 41 5d 41 5c 5f 5e c3 cc cc cc cc cc cc cc
0x00007ffced1790c0:   e9 0b 00 00 00 cc cc cc cc cc cc cc cc cc cc cc
0x00007ffced1790d0:   40 53 55 56 57 41 54 41 55 41 56 41 57 48 83 ec
0x00007ffced1790e0:   58 80 3d 6f f1 87 00 00 49 8b f9 4d 8b f0 0f b7
0x00007ffced1790f0:   da 4c 8b f9 74 16 45 8b 68 08 8b 0d 80 b7 7f 00
0x00007ffced179100:   49 d3 e5 4c 03 2d 6e b7 7f 00 eb 04 4d 8b 68 08
0x00007ffced179110:   49 8b d5 49 8b ce e8 b5 f7 de ff 4c 8b e0 48 89
0x00007ffced179120:   7c 24 30 33 c0 8b e8 0f b7 c3 66 c1 e8 08 66 89
0x00007ffced179130:   84 24 a0 00 00 00 84 c0 75 3c 40 0f b6 cf f6 d1
0x00007ffced179140:   f6 c1 01 75 05 48 8b ef eb 12 48 8d 54 24 40 48
0x00007ffced179150:   8d 4c 24 30 e8 87 ff 31 00 48 8b 28 48 c1 ed 03
0x00007ffced179160:   83 e5 0f 41 3b af 78 01 00 00 73 0a 66 89 9c 24
0x00007ffced179170:   a8 00 00 00 eb 12 66 c7 84 24 a8 00 00 00 00 01
0x00007ffced179180:   0f b7 9c 24 a8 00 00 00 49 8b 47 08 49 8b d6 66
0x00007ffced179190:   c1 eb 08 8b 88 48 02 00 00 48 8b 80 38 02 00 00
0x00007ffced1791a0:   48 d3 ea 48 0f be cb 48 8b 04 d0 48 89 44 24 38
0x00007ffced1791b0:   44 8b 80 a8 00 00 00 49 8b 47 70 44 89 84 24 b0
0x00007ffced1791c0:   00 00 00 48 8b 54 c8 10 84 db 75 04 4a 8d 14 c2
0x00007ffced1791d0:   48 8b 0a 4a 8d 1c e5 00 00 00 00 48 89 9c 24 b8
0x00007ffced1791e0:   00 00 00 48 8b 71 30 48 8b 41 38 48 2b c6 48 c1
0x00007ffced1791f0:   e8 03 49 3b c4 72 0d 48 8d 04 33 48 89 41 30 48
0x00007ffced179200:   85 f6 75 3d 44 89 44 24 28 48 8d 94 24 a8 00 00
0x00007ffced179210:   00 4d 8b c6 89 6c 24 20 4d 8b cc 49 8b cf e8 5d
0x00007ffced179220:   fc ff ff 48 8b f0 48 85 c0 75 16 4d 8b cc 4c 8b
0x00007ffced179230:   c7 49 8b d6 49 8b cf e8 44 07 00 00 e9 62 03 00
0x00007ffced179240:   00 48 8d 0d b8 6d ca ff 49 83 fc 08 77 4d 42 8b
0x00007ffced179250:   84 a1 b4 95 35 00 48 03 c1 ff e0 49 8b 46 38 48
0x00007ffced179260:   89 46 38 49 8b 46 30 48 89 46 30 49 8b 46 28 48
0x00007ffced179270:   89 46 28 49 8b 46 20 48 89 46 20 49 8b 46 18 48
0x00007ffced179280:   89 46 18 49 8b 46 10 48 89 46 10 49 8b 46 08 48
0x00007ffced179290:   89 46 08 49 8b 06 48 89 06 eb 0e 4c 8b c3 49 8b
0x00007ffced1792a0:   d6 48 8b ce e8 b7 bd 55 00 48 8b ce 48 8b c7 48 


Stack slot to memory mapping:
stack at sp + 0 slots: 0x000000000000000f is an unknown value
stack at sp + 1 slots: 0x0000000000000003 is an unknown value
stack at sp + 2 slots: 0x0000000000000175 is an unknown value
stack at sp + 3 slots: 0x00007ffced4fdb13 jvm.dll
stack at sp + 4 slots: 0x0000000000000175 is an unknown value
stack at sp + 5 slots: 0x000002551396b920 points into unknown readable memory: 0x00000255138c51b0 | b0 51 8c 13 55 02 00 00
stack at sp + 6 slots: 0x000000d8d41fdde0 is pointing into the stack for thread: 0x0000025513c47760
stack at sp + 7 slots: 0x0000027100000740 is an unknown value


---------------  P R O C E S S  ---------------

Threads class SMR info:
_java_thread_list=0x0000025514eaefc0, length=29, elements={
0x000002550ebe0df0, 0x000002550ebe4390, 0x000002550ebe8410, 0x000002550ebebe60,
0x000002550ebee7a0, 0x000002550ebef0d0, 0x000002550ebefa00, 0x000002550ec250d0,
0x000002550ebb3530, 0x000002551310b2f0, 0x000002551310b840, 0x000002551310bd90,
0x00000255139306d0, 0x0000025513a59bb0, 0x0000025513ac20c0, 0x0000025513a621a0,
0x0000025513c2a2a0, 0x0000025513c46cc0, 0x0000025514f14090, 0x0000025514f17b00,
0x0000025514f165c0, 0x0000025514f110c0, 0x0000025514f10b70, 0x0000025513c47cb0,
0x0000025513c45780, 0x0000025513c47760, 0x0000025513c44790, 0x0000025513c44ce0,
0x0000025513c46770
}

Java Threads: ( => current thread )
  0x000002550ebe0df0 JavaThread "Reference Handler" daemon [_thread_blocked, id=22576, stack(0x000000d8d2600000,0x000000d8d2700000)]
  0x000002550ebe4390 JavaThread "Finalizer" daemon [_thread_blocked, id=8912, stack(0x000000d8d2700000,0x000000d8d2800000)]
  0x000002550ebe8410 JavaThread "Signal Dispatcher" daemon [_thread_blocked, id=7104, stack(0x000000d8d2800000,0x000000d8d2900000)]
  0x000002550ebebe60 JavaThread "Attach Listener" daemon [_thread_blocked, id=1468, stack(0x000000d8d2900000,0x000000d8d2a00000)]
  0x000002550ebee7a0 JavaThread "Service Thread" daemon [_thread_blocked, id=23100, stack(0x000000d8d2a00000,0x000000d8d2b00000)]
  0x000002550ebef0d0 JavaThread "Monitor Deflation Thread" daemon [_thread_blocked, id=21728, stack(0x000000d8d2b00000,0x000000d8d2c00000)]
  0x000002550ebefa00 JavaThread "C1 CompilerThread0" daemon [_thread_blocked, id=19460, stack(0x000000d8d2c00000,0x000000d8d2d00000)]
  0x000002550ec250d0 JavaThread "Sweeper thread" daemon [_thread_blocked, id=4968, stack(0x000000d8d2d00000,0x000000d8d2e00000)]
  0x000002550ebb3530 JavaThread "Common-Cleaner" daemon [_thread_blocked, id=19756, stack(0x000000d8d2e00000,0x000000d8d2f00000)]
  0x000002551310b2f0 JavaThread "JDWP Transport Listener: dt_socket" daemon [_thread_blocked, id=22700, stack(0x000000d8d3100000,0x000000d8d3200000)]
  0x000002551310b840 JavaThread "JDWP Event Helper Thread" daemon [_thread_blocked, id=13664, stack(0x000000d8d3200000,0x000000d8d3300000)]
  0x000002551310bd90 JavaThread "JDWP Command Reader" daemon [_thread_in_native, id=17284, stack(0x000000d8d3300000,0x000000d8d3400000)]
  0x00000255139306d0 JavaThread "Notification Thread" daemon [_thread_blocked, id=15828, stack(0x000000d8d3400000,0x000000d8d3500000)]
  0x0000025513a59bb0 JavaThread "RMI TCP Accept-0" daemon [_thread_in_native, id=17224, stack(0x000000d8d3900000,0x000000d8d3a00000)]
  0x0000025513ac20c0 JavaThread "RMI TCP Accept-54029" daemon [_thread_in_native, id=17296, stack(0x000000d8d3a00000,0x000000d8d3b00000)]
  0x0000025513a621a0 JavaThread "RMI TCP Accept-0" daemon [_thread_in_native, id=17012, stack(0x000000d8d3b00000,0x000000d8d3c00000)]
  0x0000025513c2a2a0 JavaThread "RMI Scheduler(0)" daemon [_thread_blocked, id=3292, stack(0x000000d8d3e00000,0x000000d8d3f00000)]
  0x0000025513c46cc0 JavaThread "JMX server connection timeout 34" daemon [_thread_blocked, id=20400, stack(0x000000d8d4000000,0x000000d8d4100000)]
  0x0000025514f14090 JavaThread "Live Reload Server" daemon [_thread_in_native, id=16832, stack(0x000000d8d4800000,0x000000d8d4900000)]
  0x0000025514f17b00 JavaThread "DestroyJavaVM" [_thread_blocked, id=15628, stack(0x000000d8d1f00000,0x000000d8d2000000)]
  0x0000025514f165c0 JavaThread "File Watcher" daemon [_thread_blocked, id=22544, stack(0x000000d8d3000000,0x000000d8d3100000)]
  0x0000025514f110c0 JavaThread "File Watcher" daemon [_thread_blocked, id=15812, stack(0x000000d8d2f00000,0x000000d8d3000000)]
  0x0000025514f10b70 JavaThread "File Watcher" daemon [_thread_blocked, id=3612, stack(0x000000d8d3d00000,0x000000d8d3e00000)]
  0x0000025513c47cb0 JavaThread "RMI TCP Connection(23)-127.0.0.1" daemon [_thread_in_native, id=21316, stack(0x000000d8d3500000,0x000000d8d3600000)]
  0x0000025513c45780 JavaThread "Thread-21" [_thread_blocked, id=23004, stack(0x000000d8d1d00000,0x000000d8d1e00000)]
  0x0000025513c47760 JavaThread "restartedMain" [_thread_blocked, id=22320, stack(0x000000d8d4100000,0x000000d8d4200000)]
  0x0000025513c44790 JavaThread "Catalina-utility-1" [_thread_blocked, id=13596, stack(0x000000d8d4300000,0x000000d8d4400000)]
  0x0000025513c44ce0 JavaThread "Catalina-utility-2" [_thread_blocked, id=14680, stack(0x000000d8d4400000,0x000000d8d4500000)]
  0x0000025513c46770 JavaThread "container-3" [_thread_blocked, id=10700, stack(0x000000d8d4500000,0x000000d8d4600000)]

Other Threads:
  0x000002550ebc92d0 VMThread "VM Thread" [stack: 0x000000d8d2500000,0x000000d8d2600000] [id=12276]
  0x0000025513a57b40 WatcherThread "VM Periodic Task Thread" [stack: 0x000000d8d3c00000,0x000000d8d3d00000] [id=21180]
  0x000002557cdcc630 WorkerThread "GC Thread#0" [stack: 0x000000d8d2000000,0x000000d8d2100000] [id=1148]
=>0x00000255139fbc90 WorkerThread "GC Thread#1" [stack: 0x000000d8d3600000,0x000000d8d3700000] [id=11748]
  0x00000255139fbf60 WorkerThread "GC Thread#2" [stack: 0x000000d8d3700000,0x000000d8d3800000] [id=12900]
  0x0000025513a1db70 WorkerThread "GC Thread#3" [stack: 0x000000d8d3800000,0x000000d8d3900000] [id=6912]
  0x000002557cddd360 ConcurrentGCThread "G1 Main Marker" [stack: 0x000000d8d2100000,0x000000d8d2200000] [id=5140]
  0x000002557cdddca0 WorkerThread "G1 Conc#0" [stack: 0x000000d8d2200000,0x000000d8d2300000] [id=1696]
  0x000002550ea820c0 ConcurrentGCThread "G1 Refine#0" [stack: 0x000000d8d2300000,0x000000d8d2400000] [id=22828]
  0x000002550ea82b10 ConcurrentGCThread "G1 Service" [stack: 0x000000d8d2400000,0x000000d8d2500000] [id=22684]

Threads with active compile tasks:

VM state: at safepoint (normal execution)

VM Mutex/Monitor currently owned by a thread:  ([mutex/lock_event])
[0x000002557cd67610] Threads_lock - owner thread: 0x000002550ebc92d0
[0x000002557cd68270] Heap_lock - owner thread: 0x0000025514f165c0

Heap address: 0x0000000080a00000, size: 2038 MB, Compressed Oops mode: 32-bit

CDS archive(s) mapped at: [0x0000000800000000-0x0000000800c40000-0x0000000800c40000), size 12845056, SharedBaseAddress: 0x0000000800000000, ArchiveRelocationMode: 0.
Compressed class space mapped at: 0x0000000801000000-0x0000000841000000, reserved size: 1073741824
Narrow klass base: 0x0000000800000000, Narrow klass shift: 0, Narrow klass range: 0x100000000

GC Precious Log:
 CardTable entry size: 512
 Card Set container configuration: InlinePtr #cards 5 size 8 Array Of Cards #cards 12 size 40 Howl #buckets 4 coarsen threshold 1843 Howl Bitmap #cards 512 size 80 coarsen threshold 460 Card regions per heap region 1 cards per card region 2048
 CPUs: 4 total, 4 available
 Memory: 8145M
 Large Page Support: Disabled
 NUMA Support: Disabled
 Compressed Oops: Enabled (32-bit)
 Heap Region Size: 1M
 Heap Min Capacity: 8M
 Heap Initial Capacity: 128M
 Heap Max Capacity: 2038M
 Pre-touch: Disabled
 Parallel Workers: 4
 Concurrent Workers: 1
 Concurrent Refinement Workers: 4
 Periodic GC: Disabled

Heap:
 garbage-first heap   total 61440K, used 51970K [0x0000000080a00000, 0x0000000100000000)
  region size 1024K, 31 young (31744K), 1 survivors (1024K)
 Metaspace       used 42249K, committed 43200K, reserved 1114112K
  class space    used 5446K, committed 5824K, reserved 1048576K

Heap Regions: E=young(eden), S=young(survivor), O=old, HS=humongous(starts), HC=humongous(continues), CS=collection set, F=free, OA=open archive, CA=closed archive, TAMS=top-at-mark-start (previous, next)
|   0|0x0000000080a00000, 0x0000000080affff0, 0x0000000080b00000| 99%| O|  |TAMS 0x0000000080affff0, 0x0000000080a00000| Untracked 
|   1|0x0000000080b00000, 0x0000000080c00000, 0x0000000080c00000|100%| O|  |TAMS 0x0000000080c00000, 0x0000000080b00000| Untracked 
|   2|0x0000000080c00000, 0x0000000080d00000, 0x0000000080d00000|100%| O|  |TAMS 0x0000000080d00000, 0x0000000080c00000| Untracked 
|   3|0x0000000080d00000, 0x0000000080dffff0, 0x0000000080e00000| 99%| O|  |TAMS 0x0000000080dffff0, 0x0000000080d00000| Untracked 
|   4|0x0000000080e00000, 0x0000000080efffa0, 0x0000000080f00000| 99%| O|  |TAMS 0x0000000080efffa0, 0x0000000080e00000| Untracked 
|   5|0x0000000080f00000, 0x0000000081000000, 0x0000000081000000|100%| O|  |TAMS 0x0000000081000000, 0x0000000080f00000| Untracked 
|   6|0x0000000081000000, 0x00000000810fffc8, 0x0000000081100000| 99%| O|  |TAMS 0x00000000810fffc8, 0x0000000081000000| Untracked 
|   7|0x0000000081100000, 0x00000000811fffd0, 0x0000000081200000| 99%| O|  |TAMS 0x00000000811fffd0, 0x0000000081100000| Untracked 
|   8|0x0000000081200000, 0x00000000812fffd0, 0x0000000081300000| 99%| O|  |TAMS 0x00000000812fffd0, 0x0000000081200000| Untracked 
|   9|0x0000000081300000, 0x0000000081400000, 0x0000000081400000|100%| O|  |TAMS 0x0000000081400000, 0x0000000081300000| Untracked 
|  10|0x0000000081400000, 0x00000000814fffd0, 0x0000000081500000| 99%| O|  |TAMS 0x00000000814fffd0, 0x0000000081400000| Untracked 
|  11|0x0000000081500000, 0x00000000815fffe8, 0x0000000081600000| 99%| O|  |TAMS 0x00000000815fffe8, 0x0000000081500000| Untracked 
|  12|0x0000000081600000, 0x00000000816ffff0, 0x0000000081700000| 99%| O|  |TAMS 0x00000000816ffff0, 0x0000000081600000| Untracked 
|  13|0x0000000081700000, 0x00000000817ca210, 0x0000000081800000| 78%| O|  |TAMS 0x00000000817ca210, 0x0000000081700000| Untracked 
|  14|0x0000000081800000, 0x00000000818ffff0, 0x0000000081900000| 99%| O|  |TAMS 0x00000000818ffff0, 0x0000000081800000| Untracked 
|  15|0x0000000081900000, 0x00000000819ffff8, 0x0000000081a00000| 99%| O|  |TAMS 0x00000000819ffff8, 0x0000000081900000| Untracked 
|  16|0x0000000081a00000, 0x0000000081adea68, 0x0000000081b00000| 86%| O|  |TAMS 0x0000000081adea68, 0x0000000081a00000| Untracked 
|  17|0x0000000081b00000, 0x0000000081c00000, 0x0000000081c00000|100%| O|  |TAMS 0x0000000081c00000, 0x0000000081b00000| Untracked 
|  18|0x0000000081c00000, 0x0000000081c00000, 0x0000000081d00000|  0%| F|  |TAMS 0x0000000081c00000, 0x0000000081c00000| Untracked 
|  19|0x0000000081d00000, 0x0000000081e00000, 0x0000000081e00000|100%| O|  |TAMS 0x0000000081e00000, 0x0000000081d00000| Untracked 
|  20|0x0000000081e00000, 0x0000000081f00000, 0x0000000081f00000|100%| O|  |TAMS 0x0000000081f00000, 0x0000000081e00000| Untracked 
|  21|0x0000000081f00000, 0x0000000081f00000, 0x0000000082000000|  0%| F|  |TAMS 0x0000000081f00000, 0x0000000081f00000| Untracked 
|  22|0x0000000082000000, 0x0000000082000000, 0x0000000082100000|  0%| F|  |TAMS 0x0000000082000000, 0x0000000082000000| Untracked 
|  23|0x0000000082100000, 0x0000000082100000, 0x0000000082200000|  0%| F|  |TAMS 0x0000000082100000, 0x0000000082100000| Untracked 
|  24|0x0000000082200000, 0x0000000082200000, 0x0000000082300000|  0%| F|  |TAMS 0x0000000082200000, 0x0000000082200000| Untracked 
|  25|0x0000000082300000, 0x00000000823f5e00, 0x0000000082400000| 96%| O|  |TAMS 0x000000008231ee00, 0x0000000082300000| Untracked 
|  26|0x0000000082400000, 0x0000000082400000, 0x0000000082500000|  0%| F|  |TAMS 0x0000000082400000, 0x0000000082400000| Untracked 
|  27|0x0000000082500000, 0x0000000082500000, 0x0000000082600000|  0%| F|  |TAMS 0x0000000082500000, 0x0000000082500000| Untracked 
|  28|0x0000000082600000, 0x00000000826b1ee8, 0x0000000082700000| 69%| S|  |TAMS 0x0000000082600000, 0x0000000082600000| Complete 
|  29|0x0000000082700000, 0x0000000082721f50, 0x0000000082800000| 13%| E|CS|TAMS 0x0000000082700000, 0x0000000082700000| Complete 
|  30|0x0000000082800000, 0x0000000082900000, 0x0000000082900000|100%| E|CS|TAMS 0x0000000082800000, 0x0000000082800000| Complete 
|  31|0x0000000082900000, 0x0000000082a00000, 0x0000000082a00000|100%| E|CS|TAMS 0x0000000082900000, 0x0000000082900000| Complete 
|  32|0x0000000082a00000, 0x0000000082b00000, 0x0000000082b00000|100%| E|CS|TAMS 0x0000000082a00000, 0x0000000082a00000| Complete 
|  33|0x0000000082b00000, 0x0000000082c00000, 0x0000000082c00000|100%| E|CS|TAMS 0x0000000082b00000, 0x0000000082b00000| Complete 
|  34|0x0000000082c00000, 0x0000000082d00000, 0x0000000082d00000|100%| E|CS|TAMS 0x0000000082c00000, 0x0000000082c00000| Complete 
|  35|0x0000000082d00000, 0x0000000082e00000, 0x0000000082e00000|100%| E|CS|TAMS 0x0000000082d00000, 0x0000000082d00000| Complete 
|  36|0x0000000082e00000, 0x0000000082f00000, 0x0000000082f00000|100%| E|CS|TAMS 0x0000000082e00000, 0x0000000082e00000| Complete 
|  37|0x0000000082f00000, 0x0000000083000000, 0x0000000083000000|100%| E|CS|TAMS 0x0000000082f00000, 0x0000000082f00000| Complete 
|  38|0x0000000083000000, 0x0000000083100000, 0x0000000083100000|100%| E|CS|TAMS 0x0000000083000000, 0x0000000083000000| Complete 
|  39|0x0000000083100000, 0x0000000083200000, 0x0000000083200000|100%| E|CS|TAMS 0x0000000083100000, 0x0000000083100000| Complete 
|  40|0x0000000083200000, 0x0000000083300000, 0x0000000083300000|100%| E|CS|TAMS 0x0000000083200000, 0x0000000083200000| Complete 
|  41|0x0000000083300000, 0x0000000083400000, 0x0000000083400000|100%| E|CS|TAMS 0x0000000083300000, 0x0000000083300000| Complete 
|  42|0x0000000083400000, 0x0000000083500000, 0x0000000083500000|100%| E|CS|TAMS 0x0000000083400000, 0x0000000083400000| Complete 
|  43|0x0000000083500000, 0x0000000083600000, 0x0000000083600000|100%| E|CS|TAMS 0x0000000083500000, 0x0000000083500000| Complete 
|  44|0x0000000083600000, 0x0000000083700000, 0x0000000083700000|100%| E|CS|TAMS 0x0000000083600000, 0x0000000083600000| Complete 
|  45|0x0000000083700000, 0x0000000083800000, 0x0000000083800000|100%| E|CS|TAMS 0x0000000083700000, 0x0000000083700000| Complete 
|  46|0x0000000083800000, 0x0000000083900000, 0x0000000083900000|100%| E|CS|TAMS 0x0000000083800000, 0x0000000083800000| Complete 
|  47|0x0000000083900000, 0x0000000083a00000, 0x0000000083a00000|100%| E|CS|TAMS 0x0000000083900000, 0x0000000083900000| Complete 
|  48|0x0000000083a00000, 0x0000000083b00000, 0x0000000083b00000|100%| E|CS|TAMS 0x0000000083a00000, 0x0000000083a00000| Complete 
|  49|0x0000000083b00000, 0x0000000083c00000, 0x0000000083c00000|100%| E|CS|TAMS 0x0000000083b00000, 0x0000000083b00000| Complete 
|  50|0x0000000083c00000, 0x0000000083d00000, 0x0000000083d00000|100%| E|CS|TAMS 0x0000000083c00000, 0x0000000083c00000| Complete 
|  51|0x0000000083d00000, 0x0000000083e00000, 0x0000000083e00000|100%| E|CS|TAMS 0x0000000083d00000, 0x0000000083d00000| Complete 
|  52|0x0000000083e00000, 0x0000000083f00000, 0x0000000083f00000|100%| E|CS|TAMS 0x0000000083e00000, 0x0000000083e00000| Complete 
|  53|0x0000000083f00000, 0x0000000084000000, 0x0000000084000000|100%| E|CS|TAMS 0x0000000083f00000, 0x0000000083f00000| Complete 
|  54|0x0000000084000000, 0x0000000084100000, 0x0000000084100000|100%| E|CS|TAMS 0x0000000084000000, 0x0000000084000000| Complete 
|  55|0x0000000084100000, 0x0000000084200000, 0x0000000084200000|100%| E|CS|TAMS 0x0000000084100000, 0x0000000084100000| Complete 
|  56|0x0000000084200000, 0x0000000084300000, 0x0000000084300000|100%| E|CS|TAMS 0x0000000084200000, 0x0000000084200000| Complete 
|  57|0x0000000084300000, 0x0000000084400000, 0x0000000084400000|100%| E|CS|TAMS 0x0000000084300000, 0x0000000084300000| Complete 
|  58|0x0000000084400000, 0x0000000084500000, 0x0000000084500000|100%| E|CS|TAMS 0x0000000084400000, 0x0000000084400000| Complete 
|  76|0x0000000085600000, 0x0000000085700000, 0x0000000085700000|100%| E|CS|TAMS 0x0000000085600000, 0x0000000085600000| Complete 

Card table byte_map: [0x0000025508290000,0x0000025508690000] _byte_map_base: 0x0000025507e8b000

Marking Bits (Prev, Next): (CMBitMap*) 0x000002557cdccb70, (CMBitMap*) 0x000002557cdccbb0
 Prev Bits: [0x0000025508a90000, 0x000002550aa68000)
 Next Bits: [0x000002550aa70000, 0x000002550ca48000)

Polling page: 0x000002557ab80000

Metaspace:

Usage:
  Non-class:     35.94 MB used.
      Class:      5.32 MB used.
       Both:     41.26 MB used.

Virtual space:
  Non-class space:       64.00 MB reserved,      36.50 MB ( 57%) committed,  1 nodes.
      Class space:        1.00 GB reserved,       5.69 MB ( <1%) committed,  1 nodes.
             Both:        1.06 GB reserved,      42.19 MB (  4%) committed. 

Chunk freelists:
   Non-Class:  3.58 MB
       Class:  2.47 MB
        Both:  6.05 MB

MaxMetaspaceSize: unlimited
CompressedClassSpaceSize: 1.00 GB
Initial GC threshold: 21.00 MB
Current GC threshold: 70.44 MB
CDS: on
MetaspaceReclaimPolicy: balanced
 - commit_granule_bytes: 65536.
 - commit_granule_words: 8192.
 - virtual_space_node_default_size: 8388608.
 - enlarge_chunks_in_place: 1.
 - new_chunks_are_fully_committed: 0.
 - uncommit_free_chunks: 1.
 - use_allocation_guard: 0.


Internal statistics:

num_allocs_failed_limit: 6.
num_arena_births: 1482.
num_arena_deaths: 846.
num_vsnodes_births: 2.
num_vsnodes_deaths: 0.
num_space_committed: 676.
num_space_uncommitted: 1.
num_chunks_returned_to_freelist: 1120.
num_chunks_taken_from_freelist: 3088.
num_chunk_merges: 294.
num_chunk_splits: 1713.
num_chunks_enlarged: 1122.
num_inconsistent_stats: 0.

CodeCache: size=49152Kb used=14877Kb max_used=15969Kb free=34274Kb
 bounds [0x000002557ce30000, 0x000002557de10000, 0x000002557fe30000]
 total_blobs=8231 nmethods=7628 adapters=528
 compilation: enabled
              stopped_count=0, restarted_count=0
 full_count=0

Compilation events (20 events):
Event: 577.969 Thread 0x000002550ebefa00 7620       1       jdk.internal.reflect.AccessorGenerator::getClassName (197 bytes)
Event: 577.970 Thread 0x000002550ebefa00 nmethod 7620 0x000002557dca5710 code [0x000002557dca5a20, 0x000002557dca6308]
Event: 577.970 Thread 0x000002550ebefa00 7621       1       jdk.internal.reflect.ClassFileAssembler::<init> (8 bytes)
Event: 577.970 Thread 0x000002550ebefa00 nmethod 7621 0x000002557dca5190 code [0x000002557dca5340, 0x000002557dca55d8]
Event: 577.970 Thread 0x000002550ebefa00 7622       1       jdk.internal.reflect.ClassFileAssembler::append (9 bytes)
Event: 577.970 Thread 0x000002550ebefa00 nmethod 7622 0x000002557dca4a90 code [0x000002557dca4c60, 0x000002557dca4ed8]
Event: 577.970 Thread 0x000002550ebefa00 7623       1       jdk.internal.reflect.ClassFileAssembler::opc_athrow (12 bytes)
Event: 577.970 Thread 0x000002550ebefa00 nmethod 7623 0x000002557dca4690 code [0x000002557dca4840, 0x000002557dca4988]
Event: 577.970 Thread 0x000002550ebefa00 7619       1       java.lang.String::valueOf (39 bytes)
Event: 577.971 Thread 0x000002550ebefa00 nmethod 7619 0x000002557dca4010 code [0x000002557dca41c0, 0x000002557dca4578]
Event: 577.971 Thread 0x000002550ebefa00 7624       1       jdk.internal.reflect.ReflectionFactory::newFieldAccessor (93 bytes)
Event: 577.971 Thread 0x000002550ebefa00 nmethod 7624 0x000002557dca3a10 code [0x000002557dca3bc0, 0x000002557dca3de8]
Event: 577.971 Thread 0x000002550ebefa00 7625       1       java.lang.reflect.Field::getRoot (5 bytes)
Event: 577.971 Thread 0x000002550ebefa00 nmethod 7625 0x000002557dca3710 code [0x000002557dca38a0, 0x000002557dca3958]
Event: 577.971 Thread 0x000002550ebefa00 7626       1       jdk.internal.reflect.ReflectionFactory::useFieldHandleAccessor (18 bytes)
Event: 577.971 Thread 0x000002550ebefa00 nmethod 7626 0x000002557dca3410 code [0x000002557dca35a0, 0x000002557dca3658]
Event: 577.971 Thread 0x000002550ebefa00 7627   !   1       jdk.internal.reflect.MethodHandleAccessorFactory::newFieldAccessor (240 bytes)
Event: 577.971 Thread 0x000002550ebefa00 nmethod 7627 0x000002557dca2490 code [0x000002557dca2760, 0x000002557dca2f38]
Event: 577.972 Thread 0x000002550ebefa00 7628       1       jdk.internal.reflect.MethodHandleFieldAccessorImpl::<init> (44 bytes)
Event: 577.972 Thread 0x000002550ebefa00 nmethod 7628 0x000002557dca2010 code [0x000002557dca21a0, 0x000002557dca23b8]

GC Heap History (20 events):
Event: 479.585 GC heap after
{Heap after GC invocations=58 (full 2):
 garbage-first heap   total 61440K, used 21924K [0x0000000080a00000, 0x0000000100000000)
  region size 1024K, 1 young (1024K), 1 survivors (1024K)
 Metaspace       used 41965K, committed 43200K, reserved 1114112K
  class space    used 5396K, committed 5824K, reserved 1048576K
}
Event: 498.028 GC heap before
{Heap before GC invocations=59 (full 2):
 garbage-first heap   total 61440K, used 51620K [0x0000000080a00000, 0x0000000100000000)
  region size 1024K, 30 young (30720K), 1 survivors (1024K)
 Metaspace       used 41978K, committed 43200K, reserved 1114112K
  class space    used 5398K, committed 5824K, reserved 1048576K
}
Event: 498.029 GC heap after
{Heap after GC invocations=60 (full 2):
 garbage-first heap   total 61440K, used 22053K [0x0000000080a00000, 0x0000000100000000)
  region size 1024K, 1 young (1024K), 1 survivors (1024K)
 Metaspace       used 41978K, committed 43200K, reserved 1114112K
  class space    used 5398K, committed 5824K, reserved 1048576K
}
Event: 499.152 GC heap before
{Heap before GC invocations=60 (full 2):
 garbage-first heap   total 61440K, used 24101K [0x0000000080a00000, 0x0000000100000000)
  region size 1024K, 3 young (3072K), 1 survivors (1024K)
 Metaspace       used 41978K, committed 43200K, reserved 1114112K
  class space    used 5398K, committed 5824K, reserved 1048576K
}
Event: 499.153 GC heap after
{Heap after GC invocations=61 (full 2):
 garbage-first heap   total 61440K, used 21612K [0x0000000080a00000, 0x0000000100000000)
  region size 1024K, 1 young (1024K), 1 survivors (1024K)
 Metaspace       used 41978K, committed 43200K, reserved 1114112K
  class space    used 5398K, committed 5824K, reserved 1048576K
}
Event: 503.386 GC heap before
{Heap before GC invocations=61 (full 2):
 garbage-first heap   total 61440K, used 28780K [0x0000000080a00000, 0x0000000100000000)
  region size 1024K, 9 young (9216K), 1 survivors (1024K)
 Metaspace       used 42052K, committed 43200K, reserved 1114112K
  class space    used 5410K, committed 5824K, reserved 1048576K
}
Event: 503.411 GC heap after
{Heap after GC invocations=62 (full 3):
 garbage-first heap   total 61440K, used 17845K [0x0000000080a00000, 0x0000000100000000)
  region size 1024K, 0 young (0K), 0 survivors (0K)
 Metaspace       used 42014K, committed 43200K, reserved 1114112K
  class space    used 5402K, committed 5824K, reserved 1048576K
}
Event: 503.945 GC heap before
{Heap before GC invocations=62 (full 3):
 garbage-first heap   total 61440K, used 53685K [0x0000000080a00000, 0x0000000100000000)
  region size 1024K, 35 young (35840K), 0 survivors (0K)
 Metaspace       used 42161K, committed 43200K, reserved 1114112K
  class space    used 5435K, committed 5824K, reserved 1048576K
}
Event: 503.948 GC heap after
{Heap after GC invocations=63 (full 3):
 garbage-first heap   total 61440K, used 21159K [0x0000000080a00000, 0x0000000100000000)
  region size 1024K, 4 young (4096K), 4 survivors (4096K)
 Metaspace       used 42161K, committed 43200K, reserved 1114112K
  class space    used 5435K, committed 5824K, reserved 1048576K
}
Event: 514.242 GC heap before
{Heap before GC invocations=63 (full 3):
 garbage-first heap   total 61440K, used 48807K [0x0000000080a00000, 0x0000000100000000)
  region size 1024K, 32 young (32768K), 4 survivors (4096K)
 Metaspace       used 42249K, committed 43200K, reserved 1114112K
  class space    used 5446K, committed 5824K, reserved 1048576K
}
Event: 514.245 GC heap after
{Heap after GC invocations=64 (full 3):
 garbage-first heap   total 61440K, used 21895K [0x0000000080a00000, 0x0000000100000000)
  region size 1024K, 1 young (1024K), 1 survivors (1024K)
 Metaspace       used 42249K, committed 43200K, reserved 1114112K
  class space    used 5446K, committed 5824K, reserved 1048576K
}
Event: 538.255 GC heap before
{Heap before GC invocations=64 (full 3):
 garbage-first heap   total 61440K, used 50567K [0x0000000080a00000, 0x0000000100000000)
  region size 1024K, 29 young (29696K), 1 survivors (1024K)
 Metaspace       used 42249K, committed 43200K, reserved 1114112K
  class space    used 5446K, committed 5824K, reserved 1048576K
}
Event: 538.256 GC heap after
{Heap after GC invocations=65 (full 3):
 garbage-first heap   total 61440K, used 21727K [0x0000000080a00000, 0x0000000100000000)
  region size 1024K, 1 young (1024K), 1 survivors (1024K)
 Metaspace       used 42249K, committed 43200K, reserved 1114112K
  class space    used 5446K, committed 5824K, reserved 1048576K
}
Event: 562.555 GC heap before
{Heap before GC invocations=66 (full 3):
 garbage-first heap   total 61440K, used 50399K [0x0000000080a00000, 0x0000000100000000)
  region size 1024K, 29 young (29696K), 1 survivors (1024K)
 Metaspace       used 42238K, committed 43200K, reserved 1114112K
  class space    used 5444K, committed 5824K, reserved 1048576K
}
Event: 562.556 GC heap after
{Heap after GC invocations=67 (full 3):
 garbage-first heap   total 61440K, used 21616K [0x0000000080a00000, 0x0000000100000000)
  region size 1024K, 1 young (1024K), 1 survivors (1024K)
 Metaspace       used 42238K, committed 43200K, reserved 1114112K
  class space    used 5444K, committed 5824K, reserved 1048576K
}
Event: 563.863 GC heap before
{Heap before GC invocations=67 (full 3):
 garbage-first heap   total 61440K, used 23664K [0x0000000080a00000, 0x0000000100000000)
  region size 1024K, 3 young (3072K), 1 survivors (1024K)
 Metaspace       used 42238K, committed 43200K, reserved 1114112K
  class space    used 5444K, committed 5824K, reserved 1048576K
}
Event: 563.865 GC heap after
{Heap after GC invocations=68 (full 3):
 garbage-first heap   total 61440K, used 21402K [0x0000000080a00000, 0x0000000100000000)
  region size 1024K, 1 young (1024K), 1 survivors (1024K)
 Metaspace       used 42238K, committed 43200K, reserved 1114112K
  class space    used 5444K, committed 5824K, reserved 1048576K
}
Event: 589.236 GC heap before
{Heap before GC invocations=68 (full 3):
 garbage-first heap   total 61440K, used 51098K [0x0000000080a00000, 0x0000000100000000)
  region size 1024K, 30 young (30720K), 1 survivors (1024K)
 Metaspace       used 42249K, committed 43200K, reserved 1114112K
  class space    used 5446K, committed 5824K, reserved 1048576K
}
Event: 589.237 GC heap after
{Heap after GC invocations=69 (full 3):
 garbage-first heap   total 61440K, used 21250K [0x0000000080a00000, 0x0000000100000000)
  region size 1024K, 1 young (1024K), 1 survivors (1024K)
 Metaspace       used 42249K, committed 43200K, reserved 1114112K
  class space    used 5446K, committed 5824K, reserved 1048576K
}
Event: 614.067 GC heap before
{Heap before GC invocations=69 (full 3):
 garbage-first heap   total 61440K, used 51970K [0x0000000080a00000, 0x0000000100000000)
  region size 1024K, 31 young (31744K), 1 survivors (1024K)
 Metaspace       used 42249K, committed 43200K, reserved 1114112K
  class space    used 5446K, committed 5824K, reserved 1048576K
}

Dll operation events (12 events):
Event: 0.047 Loaded shared library C:\Program Files\Java\jdk-19\bin\java.dll
Event: 0.061 Loaded shared library C:\Program Files\Java\jdk-19\bin\jsvml.dll
Event: 0.772 Loaded shared library C:\Program Files\Java\jdk-19\bin\zip.dll
Event: 0.777 Loaded shared library C:\Program Files\Java\jdk-19\bin\instrument.dll
Event: 0.785 Loaded shared library C:\Program Files\Java\jdk-19\bin\net.dll
Event: 0.787 Loaded shared library C:\Program Files\Java\jdk-19\bin\nio.dll
Event: 0.790 Loaded shared library C:\Program Files\Java\jdk-19\bin\zip.dll
Event: 0.937 Loaded shared library C:\Program Files\Java\jdk-19\bin\jimage.dll
Event: 0.980 Loaded shared library C:\Program Files\Java\jdk-19\bin\management.dll
Event: 0.991 Loaded shared library C:\Program Files\Java\jdk-19\bin\management_ext.dll
Event: 1.345 Loaded shared library C:\Program Files\Java\jdk-19\bin\extnet.dll
Event: 3.428 Loaded shared library C:\Program Files\Java\jdk-19\bin\sunmscapi.dll

Deoptimization events (20 events):
Event: 577.971 Thread 0x0000025513c47cb0 DEOPT PACKING pc=0x000002557d784924 sp=0x000000d8d35fd490
Event: 577.971 Thread 0x0000025513c47cb0 DEOPT UNPACKING pc=0x000002557ce97543 sp=0x000000d8d35fc9f8 mode 1
Event: 577.971 Thread 0x0000025513c47cb0 DEOPT PACKING pc=0x000002557d784924 sp=0x000000d8d35fd490
Event: 577.971 Thread 0x0000025513c47cb0 DEOPT UNPACKING pc=0x000002557ce97543 sp=0x000000d8d35fc9f8 mode 1
Event: 577.971 Thread 0x0000025513c47cb0 DEOPT PACKING pc=0x000002557d784924 sp=0x000000d8d35fcea0
Event: 577.971 Thread 0x0000025513c47cb0 DEOPT UNPACKING pc=0x000002557ce97543 sp=0x000000d8d35fc408 mode 1
Event: 577.971 Thread 0x0000025513c47cb0 DEOPT PACKING pc=0x000002557d784924 sp=0x000000d8d35fcea0
Event: 577.971 Thread 0x0000025513c47cb0 DEOPT UNPACKING pc=0x000002557ce97543 sp=0x000000d8d35fc408 mode 1
Event: 577.971 Thread 0x0000025513c47cb0 DEOPT PACKING pc=0x000002557d784924 sp=0x000000d8d35fcea0
Event: 577.971 Thread 0x0000025513c47cb0 DEOPT UNPACKING pc=0x000002557ce97543 sp=0x000000d8d35fc408 mode 1
Event: 577.971 Thread 0x0000025513c47cb0 DEOPT PACKING pc=0x000002557d784924 sp=0x000000d8d35fcea0
Event: 577.971 Thread 0x0000025513c47cb0 DEOPT UNPACKING pc=0x000002557ce97543 sp=0x000000d8d35fc408 mode 1
Event: 577.971 Thread 0x0000025513c47cb0 DEOPT PACKING pc=0x000002557d784924 sp=0x000000d8d35fcea0
Event: 577.971 Thread 0x0000025513c47cb0 DEOPT UNPACKING pc=0x000002557ce97543 sp=0x000000d8d35fc408 mode 1
Event: 577.971 Thread 0x0000025513c47cb0 DEOPT PACKING pc=0x000002557d784924 sp=0x000000d8d35fcea0
Event: 577.971 Thread 0x0000025513c47cb0 DEOPT UNPACKING pc=0x000002557ce97543 sp=0x000000d8d35fc408 mode 1
Event: 577.971 Thread 0x0000025513c47cb0 DEOPT PACKING pc=0x000002557d784924 sp=0x000000d8d35fcea0
Event: 577.971 Thread 0x0000025513c47cb0 DEOPT UNPACKING pc=0x000002557ce97543 sp=0x000000d8d35fc408 mode 1
Event: 607.326 Thread 0x0000025513c47760 DEOPT PACKING pc=0x000002557d1b68fc sp=0x000000d8d41fdde0
Event: 607.326 Thread 0x0000025513c47760 DEOPT UNPACKING pc=0x000002557ce97543 sp=0x000000d8d41fd298 mode 0

Classes loaded (20 events):
Event: 190.523 Loading class java/lang/ref/Finalizer$1
Event: 190.523 Loading class java/lang/ref/Finalizer$1 done
Event: 192.837 Loading class sun/reflect/Reflection
Event: 192.837 Loading class sun/reflect/Reflection done
Event: 192.837 Loading class java/lang/UnsupportedOperationException
Event: 192.837 Loading class java/lang/UnsupportedOperationException done
Event: 206.168 Loading class java/time/DurationEditor
Event: 206.168 Loading class java/time/DurationEditor done
Event: 206.296 Loading class sun/security/provider/MD5
Event: 206.297 Loading class sun/security/provider/MD5 done
Event: 206.333 Loading class java/net/BindException
Event: 206.333 Loading class java/net/SocketException
Event: 206.333 Loading class java/net/SocketException done
Event: 206.333 Loading class java/net/BindException done
Event: 206.334 Loading class java/util/function/IntSupplier
Event: 206.334 Loading class java/util/function/IntSupplier done
Event: 213.956 Loading class java/util/concurrent/locks/ReentrantReadWriteLock$Sync$HoldCounter
Event: 213.957 Loading class java/util/concurrent/locks/ReentrantReadWriteLock$Sync$HoldCounter done
Event: 276.730 Loading class java/time/DurationEditor
Event: 276.730 Loading class java/time/DurationEditor done

Classes unloaded (20 events):
Event: 503.395 Thread 0x000002550ebc92d0 Unloading class 0x00000008014a4800 'java/lang/invoke/LambdaForm$MH+0x00000008014a4800'
Event: 503.395 Thread 0x000002550ebc92d0 Unloading class 0x0000000801384400 'java/lang/invoke/LambdaForm$MH+0x0000000801384400'
Event: 503.395 Thread 0x000002550ebc92d0 Unloading class 0x0000000801320400 'java/lang/invoke/LambdaForm$MH+0x0000000801320400'
Event: 503.395 Thread 0x000002550ebc92d0 Unloading class 0x00000008012d5800 'java/lang/invoke/LambdaForm$MH+0x00000008012d5800'
Event: 503.395 Thread 0x000002550ebc92d0 Unloading class 0x000000080128e400 'java/lang/invoke/LambdaForm$MH+0x000000080128e400'
Event: 503.395 Thread 0x000002550ebc92d0 Unloading class 0x00000008011b8800 'java/lang/invoke/LambdaForm$MH+0x00000008011b8800'
Event: 503.395 Thread 0x000002550ebc92d0 Unloading class 0x0000000801128800 'java/lang/invoke/LambdaForm$MH+0x0000000801128800'
Event: 503.395 Thread 0x000002550ebc92d0 Unloading class 0x000000080111c800 'java/lang/invoke/LambdaForm$MH+0x000000080111c800'
Event: 503.395 Thread 0x000002550ebc92d0 Unloading class 0x000000080110b400 'java/lang/invoke/LambdaForm$MH+0x000000080110b400'
Event: 503.395 Thread 0x000002550ebc92d0 Unloading class 0x0000000801103400 'java/lang/invoke/LambdaForm$MH+0x0000000801103400'
Event: 503.395 Thread 0x000002550ebc92d0 Unloading class 0x0000000801100000 'java/lang/invoke/LambdaForm$DMH+0x0000000801100000'
Event: 503.395 Thread 0x000002550ebc92d0 Unloading class 0x00000008010c0800 'java/lang/invoke/LambdaForm$MH+0x00000008010c0800'
Event: 503.395 Thread 0x000002550ebc92d0 Unloading class 0x000000080153d800 'java/lang/invoke/LambdaForm$DMH+0x000000080153d800'
Event: 503.395 Thread 0x000002550ebc92d0 Unloading class 0x0000000801580800 'java/lang/invoke/LambdaForm$MH+0x0000000801580800'
Event: 503.395 Thread 0x000002550ebc92d0 Unloading class 0x000000080158a400 'java/lang/invoke/LambdaForm$MH+0x000000080158a400'
Event: 503.395 Thread 0x000002550ebc92d0 Unloading class 0x0000000801007400 'java/lang/invoke/LambdaForm$MH+0x0000000801007400'
Event: 538.286 Thread 0x000002550ebc92d0 Unloading class 0x00000008014b8800 'jdk/internal/reflect/GeneratedSerializationConstructorAccessor64'
Event: 538.286 Thread 0x000002550ebc92d0 Unloading class 0x0000000801588800 'jdk/internal/reflect/GeneratedSerializationConstructorAccessor63'
Event: 538.286 Thread 0x000002550ebc92d0 Unloading class 0x0000000801583800 'jdk/internal/reflect/GeneratedSerializationConstructorAccessor62'
Event: 538.286 Thread 0x000002550ebc92d0 Unloading class 0x0000000801498c00 'jdk/internal/reflect/GeneratedSerializationConstructorAccessor61'

Classes redefined (0 events):
No events

Internal exceptions (20 events):
Event: 276.518 Thread 0x0000025513c44ce0 Exception <a 'java/io/FileNotFoundException'{0x000000008276b2f0}> (0x000000008276b2f0) 
thrown [s\open\src\hotspot\share\prims\jni.cpp, line 517]
Event: 276.620 Thread 0x0000025513c44ce0 Exception <a 'java/lang/NoSuchMethodError'{0x00000000844d7170}: 'void java.lang.invoke.DirectMethodHandle$Holder.invokeVirtual(java.lang.Object, java.lang.Object, java.lang.Object, java.lang.Object, java.lang.Object)'> (0x00000000844d7170) 
thrown [s\open\src\hotspot\share\interpreter\linkResolver.cpp, line 774]
Event: 503.385 Thread 0x0000025514f175b0 Exception <a 'java/lang/InterruptedException'{0x0000000083dd51e8}: sleep interrupted> (0x0000000083dd51e8) 
thrown [s\open\src\hotspot\share\prims\jvm.cpp, line 3103]
Event: 503.429 Thread 0x0000025513c47760 Exception <a 'sun/nio/fs/WindowsException'{0x00000000856e3af0}> (0x00000000856e3af0) 
thrown [s\open\src\hotspot\share\prims\jni.cpp, line 517]
Event: 503.744 Thread 0x0000025513c47760 Exception <a 'java/lang/NoClassDefFoundError'{0x0000000082e28500}: org/flywaydb/core/Flyway> (0x0000000082e28500) 
thrown [s\open\src\hotspot\share\oops\constantPool.cpp, line 837]
Event: 503.745 Thread 0x0000025513c47760 Exception <a 'java/lang/NoClassDefFoundError'{0x0000000082e28b60}: liquibase/integration/spring/SpringLiquibase> (0x0000000082e28b60) 
thrown [s\open\src\hotspot\share\oops\constantPool.cpp, line 837]
Event: 503.750 Thread 0x0000025513c47760 Exception <a 'java/lang/NoClassDefFoundError'{0x0000000082e85f80}: org/jooq/DSLContext> (0x0000000082e85f80) 
thrown [s\open\src\hotspot\share\oops\constantPool.cpp, line 837]
Event: 503.750 Thread 0x0000025513c47760 Exception <a 'java/lang/NoClassDefFoundError'{0x0000000082e874e0}: javax/persistence/EntityManagerFactory> (0x0000000082e874e0) 
thrown [s\open\src\hotspot\share\oops\constantPool.cpp, line 837]
Event: 503.751 Thread 0x0000025513c47760 Exception <a 'java/lang/NoClassDefFoundError'{0x0000000082e87b50}: org/springframework/batch/core/repository/JobRepository> (0x0000000082e87b50) 
thrown [s\open\src\hotspot\share\oops\constantPool.cpp, line 837]
Event: 503.751 Thread 0x0000025513c47760 Exception <a 'java/lang/NoClassDefFoundError'{0x0000000082e881a8}: org/quartz/Scheduler> (0x0000000082e881a8) 
thrown [s\open\src\hotspot\share\oops\constantPool.cpp, line 837]
Event: 503.751 Thread 0x0000025513c47760 Exception <a 'java/lang/NoClassDefFoundError'{0x0000000082e88828}: org/springframework/session/jdbc/JdbcIndexedSessionRepository> (0x0000000082e88828) 
thrown [s\open\src\hotspot\share\oops\constantPool.cpp, line 837]
Event: 503.769 Thread 0x0000025513c47760 Exception <a 'java/lang/NoSuchMethodError'{0x0000000082c42498}: 'void java.lang.invoke.DelegatingMethodHandle$Holder.reinvoke_L(java.lang.Object, java.lang.Object, int)'> (0x0000000082c42498) 
thrown [s\open\src\hotspot\share\interpreter\linkResolver.cpp, line 774]
Event: 503.791 Thread 0x0000025513c47760 Exception <a 'java/lang/NoSuchMethodError'{0x0000000082a607a0}: 'int java.lang.invoke.DirectMethodHandle$Holder.invokeVirtual(java.lang.Object, java.lang.Object, java.lang.Object, java.lang.Object)'> (0x0000000082a607a0) 
thrown [s\open\src\hotspot\share\interpreter\linkResolver.cpp, line 774]
Event: 503.791 Thread 0x0000025513c47760 Exception <a 'java/lang/NoSuchMethodError'{0x0000000082a64010}: 'int java.lang.invoke.DelegatingMethodHandle$Holder.reinvoke_L(java.lang.Object, java.lang.Object, java.lang.Object, java.lang.Object)'> (0x0000000082a64010) 
thrown [s\open\src\hotspot\share\interpreter\linkResolver.cpp, line 774]
Event: 503.800 Thread 0x0000025513c47760 Exception <a 'sun/nio/fs/WindowsException'{0x0000000082861620}> (0x0000000082861620) 
thrown [s\open\src\hotspot\share\prims\jni.cpp, line 517]
Event: 503.801 Thread 0x0000025513c47760 Exception <a 'sun/nio/fs/WindowsException'{0x0000000082861c88}> (0x0000000082861c88) 
thrown [s\open\src\hotspot\share\prims\jni.cpp, line 517]
Event: 503.801 Thread 0x0000025513c47760 Exception <a 'sun/nio/fs/WindowsException'{0x0000000082862360}> (0x0000000082862360) 
thrown [s\open\src\hotspot\share\prims\jni.cpp, line 517]
Event: 503.841 Thread 0x0000025513c47760 Exception <a 'java/io/FileNotFoundException'{0x00000000828a5d50}> (0x00000000828a5d50) 
thrown [s\open\src\hotspot\share\prims\jni.cpp, line 517]
Event: 503.926 Thread 0x0000025513c47760 Exception <a 'java/lang/NoSuchMethodError'{0x00000000826e7398}: 'void java.lang.invoke.DirectMethodHandle$Holder.invokeVirtual(java.lang.Object, java.lang.Object, java.lang.Object, java.lang.Object, java.lang.Object)'> (0x00000000826e7398) 
thrown [s\open\src\hotspot\share\interpreter\linkResolver.cpp, line 774]
Event: 577.972 Thread 0x0000025513c47cb0 Exception <a 'java/lang/NoSuchMethodError'{0x000000008347abd0}: static [B.<clinit>()V> (0x000000008347abd0) 
thrown [s\open\src\hotspot\share\prims\jni.cpp, line 1107]

VM Operations (20 events):
Event: 538.256 Executing VM operation: G1CollectForAllocation done
Event: 538.286 Executing VM operation: G1PauseRemark
Event: 538.290 Executing VM operation: G1PauseRemark done
Event: 538.290 Executing VM operation: Cleanup
Event: 538.291 Executing VM operation: Cleanup done
Event: 538.303 Executing VM operation: G1PauseCleanup
Event: 538.303 Executing VM operation: G1PauseCleanup done
Event: 562.555 Executing VM operation: G1CollectForAllocation
Event: 562.557 Executing VM operation: G1CollectForAllocation done
Event: 563.863 Executing VM operation: G1CollectForAllocation
Event: 563.865 Executing VM operation: G1CollectForAllocation done
Event: 574.964 Executing VM operation: Cleanup
Event: 574.964 Executing VM operation: Cleanup done
Event: 589.236 Executing VM operation: G1CollectForAllocation
Event: 589.237 Executing VM operation: G1CollectForAllocation done
Event: 607.325 Executing VM operation: ChangeSingleStep
Event: 607.325 Executing VM operation: ChangeSingleStep done
Event: 607.326 Executing VM operation: ChangeSingleStep
Event: 607.326 Executing VM operation: ChangeSingleStep done
Event: 614.067 Executing VM operation: G1CollectForAllocation

Events (20 events):
Event: 503.385 Thread 0x0000025514f14b30 Thread exited: 0x0000025514f14b30
Event: 503.385 Thread 0x0000025514f120b0 Thread exited: 0x0000025514f120b0
Event: 503.385 Thread 0x0000025514f11b60 Thread exited: 0x0000025514f11b60
Event: 503.385 Thread 0x0000025514f11610 Thread exited: 0x0000025514f11610
Event: 503.385 Thread 0x0000025514f12b50 Thread exited: 0x0000025514f12b50
Event: 503.385 Thread 0x0000025514f175b0 Thread exited: 0x0000025514f175b0
Event: 503.386 Thread 0x0000025513c45cd0 Thread exited: 0x0000025513c45cd0
Event: 503.411 Thread 0x0000025513c44790 Thread added: 0x0000025513c44790
Event: 503.413 Thread 0x0000025513c47760 Thread added: 0x0000025513c47760
Event: 503.413 Thread 0x0000025513c44790 Thread exited: 0x0000025513c44790
Event: 503.418 Thread 0x0000025513c45230 Thread exited: 0x0000025513c45230
Event: 503.494 Thread 0x0000025513c45230 Thread added: 0x0000025513c45230
Event: 503.533 Thread 0x0000025513c45230 Thread exited: 0x0000025513c45230
Event: 503.979 Thread 0x0000025513bb8640 Thread added: 0x0000025513bb8640
Event: 503.979 Thread 0x0000025513080040 Thread added: 0x0000025513080040
Event: 504.012 Thread 0x0000025513c44790 Thread added: 0x0000025513c44790
Event: 504.012 Thread 0x0000025513c44ce0 Thread added: 0x0000025513c44ce0
Event: 504.012 Thread 0x0000025513c46770 Thread added: 0x0000025513c46770
Event: 509.042 Thread 0x0000025513080040 Thread exited: 0x0000025513080040
Event: 509.042 Thread 0x0000025513bb8640 Thread exited: 0x0000025513bb8640


Dynamic libraries:
0x00007ff646dc0000 - 0x00007ff646dce000 	C:\Program Files\Java\jdk-19\bin\javaw.exe
0x00007ffd40950000 - 0x00007ffd40b48000 	C:\WINDOWS\SYSTEM32\ntdll.dll
0x00007ffd3e9b0000 - 0x00007ffd3ea6f000 	C:\WINDOWS\System32\KERNEL32.DLL
0x00007ffd3e640000 - 0x00007ffd3e936000 	C:\WINDOWS\System32\KERNELBASE.dll
0x00007ffd3e540000 - 0x00007ffd3e640000 	C:\WINDOWS\System32\ucrtbase.dll
0x00007ffd3b870000 - 0x00007ffd3b887000 	C:\Program Files\Java\jdk-19\bin\jli.dll
0x00007ffd3f580000 - 0x00007ffd3f71d000 	C:\WINDOWS\System32\USER32.dll
0x00007ffd3e150000 - 0x00007ffd3e172000 	C:\WINDOWS\System32\win32u.dll
0x00007ffd3f8f0000 - 0x00007ffd3f91c000 	C:\WINDOWS\System32\GDI32.dll
0x00007ffd3e030000 - 0x00007ffd3e145000 	C:\WINDOWS\System32\gdi32full.dll
0x00007ffd3e340000 - 0x00007ffd3e3dd000 	C:\WINDOWS\System32\msvcp_win.dll
0x00007ffd39b90000 - 0x00007ffd39bab000 	C:\Program Files\Java\jdk-19\bin\VCRUNTIME140.dll
0x00007ffd2ece0000 - 0x00007ffd2ef7a000 	C:\WINDOWS\WinSxS\amd64_microsoft.windows.common-controls_6595b64144ccf1df_6.0.19041.1110_none_60b5254171f9507e\COMCTL32.dll
0x00007ffd40110000 - 0x00007ffd401ae000 	C:\WINDOWS\System32\msvcrt.dll
0x00007ffd3fc70000 - 0x00007ffd3fca0000 	C:\WINDOWS\System32\IMM32.DLL
0x00007ffd3b8c0000 - 0x00007ffd3b8cc000 	C:\Program Files\Java\jdk-19\bin\vcruntime140_1.dll
0x00007ffd251f0000 - 0x00007ffd2527e000 	C:\Program Files\Java\jdk-19\bin\msvcp140.dll
0x00007ffcece20000 - 0x00007ffcedae0000 	C:\Program Files\Java\jdk-19\bin\server\jvm.dll
0x00007ffd3ef30000 - 0x00007ffd3efdf000 	C:\WINDOWS\System32\ADVAPI32.dll
0x00007ffd3fd50000 - 0x00007ffd3fdec000 	C:\WINDOWS\System32\sechost.dll
0x00007ffd3f7c0000 - 0x00007ffd3f8e6000 	C:\WINDOWS\System32\RPCRT4.dll
0x00007ffd26ea0000 - 0x00007ffd26ea9000 	C:\WINDOWS\SYSTEM32\WSOCK32.dll
0x00007ffd3ff00000 - 0x00007ffd3ff6b000 	C:\WINDOWS\System32\WS2_32.dll
0x00007ffd37c20000 - 0x00007ffd37c47000 	C:\WINDOWS\SYSTEM32\WINMM.dll
0x00007ffd38740000 - 0x00007ffd3874a000 	C:\WINDOWS\SYSTEM32\VERSION.dll
0x00007ffd3bf10000 - 0x00007ffd3bf22000 	C:\WINDOWS\SYSTEM32\kernel.appcore.dll
0x00007ffd3b860000 - 0x00007ffd3b86a000 	C:\Program Files\Java\jdk-19\bin\jimage.dll
0x00007ffd2dda0000 - 0x00007ffd2df84000 	C:\WINDOWS\SYSTEM32\DBGHELP.DLL
0x00007ffd2dc30000 - 0x00007ffd2dc64000 	C:\WINDOWS\SYSTEM32\dbgcore.DLL
0x00007ffd3e1d0000 - 0x00007ffd3e252000 	C:\WINDOWS\System32\bcryptPrimitives.dll
0x00007ffd39b50000 - 0x00007ffd39b8c000 	C:\Program Files\Java\jdk-19\bin\jdwp.dll
0x00007ffd39b30000 - 0x00007ffd39b3e000 	C:\Program Files\Java\jdk-19\bin\instrument.dll
0x00007ffd2a310000 - 0x00007ffd2a336000 	C:\Program Files\Java\jdk-19\bin\java.dll
0x00007ffd19c80000 - 0x00007ffd19d57000 	C:\Program Files\Java\jdk-19\bin\jsvml.dll
0x00007ffd401c0000 - 0x00007ffd40904000 	C:\WINDOWS\System32\SHELL32.dll
0x00007ffd3c110000 - 0x00007ffd3c8a3000 	C:\WINDOWS\SYSTEM32\windows.storage.dll
0x00007ffd3ea70000 - 0x00007ffd3edc4000 	C:\WINDOWS\System32\combase.dll
0x00007ffd3da90000 - 0x00007ffd3dabe000 	C:\WINDOWS\SYSTEM32\Wldp.dll
0x00007ffd3fe50000 - 0x00007ffd3fefd000 	C:\WINDOWS\System32\SHCORE.dll
0x00007ffd400b0000 - 0x00007ffd40105000 	C:\WINDOWS\System32\shlwapi.dll
0x00007ffd3df70000 - 0x00007ffd3df8f000 	C:\WINDOWS\SYSTEM32\profapi.dll
0x00007ffd3b8d0000 - 0x00007ffd3b8dc000 	C:\Program Files\Java\jdk-19\bin\dt_socket.dll
0x00007ffd3d490000 - 0x00007ffd3d4cc000 	C:\WINDOWS\SYSTEM32\IPHLPAPI.DLL
0x00007ffd3d7f0000 - 0x00007ffd3d85a000 	C:\WINDOWS\system32\mswsock.dll
0x00007ffd3d4d0000 - 0x00007ffd3d59b000 	C:\WINDOWS\SYSTEM32\DNSAPI.dll
0x00007ffd401b0000 - 0x00007ffd401b8000 	C:\WINDOWS\System32\NSI.dll
0x00007ffd2fd50000 - 0x00007ffd2fd5a000 	C:\Windows\System32\rasadhlp.dll
0x00007ffd2ffa0000 - 0x00007ffd30022000 	C:\WINDOWS\System32\fwpuclnt.dll
0x00007ffd3e310000 - 0x00007ffd3e337000 	C:\WINDOWS\System32\bcrypt.dll
0x00007ffd2a2f0000 - 0x00007ffd2a308000 	C:\Program Files\Java\jdk-19\bin\zip.dll
0x00007ffd235f0000 - 0x00007ffd23603000 	C:\Program Files\Java\jdk-19\bin\net.dll
0x00007ffd37eb0000 - 0x00007ffd37fba000 	C:\WINDOWS\SYSTEM32\WINHTTP.dll
0x00007ffd235d0000 - 0x00007ffd235e6000 	C:\Program Files\Java\jdk-19\bin\nio.dll
0x00007ffd39b20000 - 0x00007ffd39b2a000 	C:\Program Files\Java\jdk-19\bin\management.dll
0x00007ffd39640000 - 0x00007ffd3964b000 	C:\Program Files\Java\jdk-19\bin\management_ext.dll
0x00007ffd3edd0000 - 0x00007ffd3edd8000 	C:\WINDOWS\System32\PSAPI.DLL
0x00007ffd26e50000 - 0x00007ffd26e67000 	C:\WINDOWS\system32\napinsp.dll
0x00007ffd269f0000 - 0x00007ffd26a0b000 	C:\WINDOWS\system32\pnrpnsp.dll
0x00007ffd269d0000 - 0x00007ffd269e5000 	C:\WINDOWS\system32\wshbth.dll
0x00007ffd39a40000 - 0x00007ffd39a5d000 	C:\WINDOWS\system32\NLAapi.dll
0x00007ffd269b0000 - 0x00007ffd269c2000 	C:\WINDOWS\System32\winrnr.dll
0x00007ffd3d9e0000 - 0x00007ffd3d9f8000 	C:\WINDOWS\SYSTEM32\CRYPTSP.dll
0x00007ffd3d0a0000 - 0x00007ffd3d0d4000 	C:\WINDOWS\system32\rsaenh.dll
0x00007ffd3def0000 - 0x00007ffd3df1e000 	C:\WINDOWS\SYSTEM32\USERENV.dll
0x00007ffd3da00000 - 0x00007ffd3da0c000 	C:\WINDOWS\SYSTEM32\CRYPTBASE.dll
0x00007ffd382c0000 - 0x00007ffd382d7000 	C:\WINDOWS\SYSTEM32\dhcpcsvc6.DLL
0x00007ffd383d0000 - 0x00007ffd383ed000 	C:\WINDOWS\SYSTEM32\dhcpcsvc.DLL
0x00007ffd2d770000 - 0x00007ffd2d778000 	C:\Program Files\Java\jdk-19\bin\extnet.dll
0x00007ffd2a3b0000 - 0x00007ffd2a3be000 	C:\Program Files\Java\jdk-19\bin\sunmscapi.dll
0x00007ffd3e3e0000 - 0x00007ffd3e53e000 	C:\WINDOWS\System32\CRYPT32.dll
0x00007ffd3db00000 - 0x00007ffd3db28000 	C:\WINDOWS\SYSTEM32\ncrypt.dll
0x00007ffd3dac0000 - 0x00007ffd3dafb000 	C:\WINDOWS\SYSTEM32\NTASN1.dll
0x00007ffd29d70000 - 0x00007ffd29d77000 	C:\WINDOWS\system32\wshunix.dll

dbghelp: loaded successfully - version: 4.0.5 - missing functions: none
symbol engine: initialized successfully - sym options: 0x614 - pdb path: .;C:\Program Files\Java\jdk-19\bin;C:\WINDOWS\SYSTEM32;C:\WINDOWS\WinSxS\amd64_microsoft.windows.common-controls_6595b64144ccf1df_6.0.19041.1110_none_60b5254171f9507e;C:\Program Files\Java\jdk-19\bin\server

VM Arguments:
jvm_args: -XX:+ShowCodeDetailsInExceptionMessages -agentlib:jdwp=transport=dt_socket,suspend=y,address=localhost:54033 -Dcom.sun.management.jmxremote -Dcom.sun.management.jmxremote.port=54029 -Dcom.sun.management.jmxremote.authenticate=false -Dcom.sun.management.jmxremote.ssl=false -Djava.rmi.server.hostname=localhost -Dspring.jmx.enabled=true -Dspring.liveBeansView.mbeanDomain -Dspring.application.admin.enabled=true -Xverify:none -XX:TieredStopAtLevel=1 -Dspring.boot.project.name=AccountBook -javaagent:C:\Users\walma\eclipse\java-2020-09\eclipse\configuration\org.eclipse.osgi\215\0\.cp\lib\javaagent-shaded.jar -Dfile.encoding=UTF-8 
java_command: com.accountbook.AccountBookApplication
java_class_path (initial): E:\user_project\AccountBook\target\classes;C:\Users\walma\.m2\repository\org\springframework\boot\spring-boot-starter-web\2.7.0\spring-boot-starter-web-2.7.0.jar;C:\Users\walma\.m2\repository\org\springframework\boot\spring-boot-starter\2.7.0\spring-boot-starter-2.7.0.jar;C:\Users\walma\.m2\repository\org\springframework\boot\spring-boot-starter-logging\2.7.0\spring-boot-starter-logging-2.7.0.jar;C:\Users\walma\.m2\repository\ch\qos\logback\logback-classic\1.2.11\logback-classic-1.2.11.jar;C:\Users\walma\.m2\repository\ch\qos\logback\logback-core\1.2.11\logback-core-1.2.11.jar;C:\Users\walma\.m2\repository\org\apache\logging\log4j\log4j-to-slf4j\2.17.2\log4j-to-slf4j-2.17.2.jar;C:\Users\walma\.m2\repository\org\apache\logging\log4j\log4j-api\2.17.2\log4j-api-2.17.2.jar;C:\Users\walma\.m2\repository\org\slf4j\jul-to-slf4j\1.7.36\jul-to-slf4j-1.7.36.jar;C:\Users\walma\.m2\repository\jakarta\annotation\jakarta.annotation-api\1.3.5\jakarta.annotation-api-1.3.5.jar;C:\Users\walma\.m2\repository\org\yaml\snakeyaml\1.30\snakeyaml-1.30.jar;C:\Users\walma\.m2\repository\org\springframework\boot\spring-boot-starter-json\2.7.0\spring-boot-starter-json-2.7.0.jar;C:\Users\walma\.m2\repository\com\fasterxml\jackson\core\jackson-databind\2.13.3\jackson-databind-2.13.3.jar;C:\Users\walma\.m2\repository\com\fasterxml\jackson\core\jackson-core\2.13.3\jackson-core-2.13.3.jar;C:\Users\walma\.m2\repository\com\fasterxml\jackson\datatype\jackson-datatype-jdk8\2.13.3\jackson-datatype-jdk8-2.13.3.jar;C:\Users\walma\.m2\repository\com\fasterxml\jackson\datatype\jackson-datatype-jsr310\2.13.3\jackson-datatype-jsr310-2.13.3.jar;C:\Users\walma\.m2\repository\com\fasterxml\jackson\module\jackson-module-parameter-names\2.13.3\jackson-module-parameter-names-2.13.3.jar;C:\Users\walma\.m2\repository\org\springframework\boot\spring-boot-starter-tomcat\2.7.0\spring-boot-starter-tomcat-2.7.0.jar;C:\Users\walma\.m2\repository\org\apache\tomcat\embed\tomcat-embed-websocket\9.0.63\tomcat-embed-websocket-9.0.63.jar;C:\Users\walma\.m2\repository\org\springframework\spring-web\5.3.20\spring-web-5.3.20.jar;C:\Users\walma\.m2\repository\org\springframework\spring-beans\5.3.20\spring-beans-5.3.20.jar;C:\Users\walma\.m2\repository\org\springframework\spring-webmvc\5.3.20\spring-webmvc-5.3.20.jar;C:\Users\walma\.m2\repository\org\springframework\spring-aop\5.3.20\spring-aop-5.3.20.jar;C:\Users\walma\.m2\repository\org\springframework\spring-context\5.3.20\spring-context-5.3.20.jar;C:\Users\walma\.m2\repository\org\springframework\spring-expression\5.3.20\spring-expression-5.3.20.jar;C:\Users\walma\.m2\repository\org\mybatis\spring\boot\mybatis-spring-boot-starter\2.2.2\mybatis-spring-boot-starter-2.2.2.jar;C:\Users\walma\.m2\repository\org\springframework\boot\spring-boot-starter-jdbc\2.7.0\spring-boot-starter-jdbc-2.7.0.jar;C:\Users\walma\.m2\repository\com\zaxxer\HikariCP\4.0.3\HikariCP-4.0.3.jar;C:\Users\walma\.m2\repository\org\springframework\spring-jdbc\5.3.20\spring-jdbc-5.3.20.jar;C:\Users\walma\.m2\repository\org\springframework\spring-tx\5.3.20\spring-tx-5.3.20.jar;C:\Users\walma\.m2\repository\org\mybatis\spring\boot\mybatis-spring-boot-autoconfigure\2.2.2\mybatis-spring-boot-autoconfigure-2.2.2.jar;C:\Users\walma\.m2\repository\org\mybatis\mybatis\3.5.9\mybatis-3.5.9.jar;C:\Users\walma\.m2\repository\org\mybatis\mybatis-spring\2.0.7\mybatis-spring-2.0.7.jar;C:\Users\walma\.m2\repository\org\springframework\boot\spring-boot-starter-oauth2-client\2.7.0\spring-boot-starter-oauth2-client-2.7.0.jar;C:\Users\walma\.m2\repository\org\springframework\security\spring-security-config\5.7.1\spring-security-config-5.7.1.jar;C:\Users\walma\.m2\repository\org\springframework\security\spring-security-core\5.7.1\spring-security-core-5.7.1.jar;C:\Users\walma\.m2\repository\org\springframework\security\spring-security-crypto\5.7.1\spring-security-crypto-5.7.1.jar;C:\Users\walma\.m2\repository\org\springframework\security\spring-security-oauth2-client\5.7.1\spring-security-oauth2-client-5.7.1.jar;C:\Users\walma\.m2\repository\org\springframework\security\spring-security-oauth2-core\5.7.1\spring-security-oauth2-core-5.7.1.jar;C:\Users\walma\.m2\repository\org\springframework\security\spring-security-web\5.7.1\spring-security-web-5.7.1.jar;C:\Users\walma\.m2\repository\com\nimbusds\oauth2-oidc-sdk\9.35\oauth2-oidc-sdk-9.35.jar;C:\Users\walma\.m2\repository\com\github\stephenc\jcip\jcip-annotations\1.0-1\jcip-annotations-1.0-1.jar;C:\Users\walma\.m2\repository\com\nimbusds\content-type\2.2\content-type-2.2.jar;C:\Users\walma\.m2\repository\com\nimbusds\lang-tag\1.6\lang-tag-1.6.jar;C:\Users\walma\.m2\repository\org\springframework\security\spring-security-oauth2-jose\5.7.1\spring-security-oauth2-jose-5.7.1.jar;C:\Users\walma\.m2\repository\com\nimbusds\nimbus-jose-jwt\9.22\nimbus-jose-jwt-9.22.jar;C:\Users\walma\.m2\repository\org\sitemesh\sitemesh\3.0.1\sitemesh-3.0.1.jar;C:\Users\walma\.m2\repository\org\springframework\boot\spring-boot-devtools\2.7.0\spring-boot-devtools-2.7.0.jar;C:\Users\walma\.m2\repository\org\springframework\boot\spring-boot\2.7.0\spring-boot-2.7.0.jar;C:\Users\walma\.m2\repository\org\springframework\boot\spring-boot-autoconfigure\2.7.0\spring-boot-autoconfigure-2.7.0.jar;C:\Users\walma\.m2\repository\org\mariadb\jdbc\mariadb-java-client\3.0.4\mariadb-java-client-3.0.4.jar;C:\Users\walma\.m2\repository\org\springframework\boot\spring-boot-configuration-processor\2.7.0\spring-boot-configuration-processor-2.7.0.jar;C:\Users\walma\.m2\repository\org\projectlombok\lombok\1.18.24\lombok-1.18.24.jar;C:\Users\walma\.m2\repository\net\minidev\json-smart\2.4.8\json-smart-2.4.8.jar;C:\Users\walma\.m2\repository\net\minidev\accessors-smart\2.4.8\accessors-smart-2.4.8.jar;C:\Users\walma\.m2\repository\org\ow2\asm\asm\9.1\asm-9.1.jar;C:\Users\walma\.m2\repository\net\bytebuddy\byte-buddy\1.12.10\byte-buddy-1.12.10.jar;C:\Users\walma\.m2\repository\org\springframework\spring-core\5.3.20\spring-core-5.3.20.jar;C:\Users\walma\.m2\repository\org\springframework\spring-jcl\5.3.20\spring-jcl-5.3.20.jar;C:\Users\walma\.m2\repository\io\springfox\springfox-swagger2\2.9.2\springfox-swagger2-2.9.2.jar;C:\Users\walma\.m2\repository\io\swagger\swagger-annotations\1.5.20\swagger-annotations-1.5.20.jar;C:\Users\walma\.m2\repository\io\swagger\swagger-models\1.5.20\swagger-models-1.5.20.jar;C:\Users\walma\.m2\repository\com\fasterxml\jackson\core\jackson-annotations\2.13.3\jackson-annotations-2.13.3.jar;C:\Users\walma\.m2\repository\io\springfox\springfox-spi\2.9.2\springfox-spi-2.9.2.jar;C:\Users\walma\.m2\repository\io\springfox\springfox-core\2.9.2\springfox-core-2.9.2.jar;C:\Users\walma\.m2\repository\io\springfox\springfox-schema\2.9.2\springfox-schema-2.9.2.jar;C:\Users\walma\.m2\repository\io\springfox\springfox-swagger-common\2.9.2\springfox-swagger-common-2.9.2.jar;C:\Users\walma\.m2\repository\io\springfox\springfox-spring-web\2.9.2\springfox-spring-web-2.9.2.jar;C:\Users\walma\.m2\repository\com\google\guava\guava\20.0\guava-20.0.jar;C:\Users\walma\.m2\repository\com\fasterxml\classmate\1.5.1\classmate-1.5.1.jar;C:\Users\walma\.m2\repository\org\slf4j\slf4j-api\1.7.36\slf4j-api-1.7.36.jar;C:\Users\walma\.m2\repository\org\springframework\plugin\spring-plugin-core\1.2.0.RELEASE\spring-plugin-core-1.2.0.RELEASE.jar;C:\Users\walma\.m2\repository\org\springframework\plugin\spring-plugin-metadata\1.2.0.RELEASE\spring-plugin-metadata-1.2.0.RELEASE.jar;C:\Users\walma\.m2\repository\org\mapstruct\mapstruct\1.2.0.Final\mapstruct-1.2.0.Final.jar;C:\Users\walma\.m2\repository\io\springfox\springfox-swagger-ui\2.9.2\springfox-swagger-ui-2.9.2.jar;C:\Users\walma\.m2\repository\org\bgee\log4jdbc-log4j2\log4jdbc-log4j2-jdbc4.1\1.16\log4jdbc-log4j2-jdbc4.1-1.16.jar;C:\Users\walma\.m2\repository\org\apache\commons\commons-lang3\3.12.0\commons-lang3-3.12.0.jar;C:\Users\walma\.m2\repository\org\apache\tomcat\embed\tomcat-embed-jasper\9.0.63\tomcat-embed-jasper-9.0.63.jar;C:\Users\walma\.m2\repository\org\apache\tomcat\embed\tomcat-embed-core\9.0.63\tomcat-embed-core-9.0.63.jar;C:\Users\walma\.m2\repository\org\apache\tomcat\tomcat-annotations-api\9.0.63\tomcat-annotations-api-9.0.63.jar;C:\Users\walma\.m2\repository\org\apache\tomcat\embed\tomcat-embed-el\9.0.63\tomcat-embed-el-9.0.63.jar;C:\Users\walma\.m2\repository\org\eclipse\jdt\ecj\3.18.0\ecj-3.18.0.jar;C:\Users\walma\.m2\repository\jstl\jstl\1.2\jstl-1.2.jar
Launcher Type: SUN_STANDARD

[Global flags]
     intx CICompilerCount                          = 3                                         {product} {ergonomic}
     uint ConcGCThreads                            = 1                                         {product} {ergonomic}
     uint G1ConcRefinementThreads                  = 4                                         {product} {ergonomic}
   size_t G1HeapRegionSize                         = 1048576                                   {product} {ergonomic}
    uintx GCDrainStackTargetSize                   = 64                                        {product} {ergonomic}
   size_t InitialHeapSize                          = 134217728                                 {product} {ergonomic}
     bool ManagementServer                         = true                                      {product} {command line}
   size_t MarkStackSize                            = 4194304                                   {product} {ergonomic}
   size_t MaxHeapSize                              = 2136997888                                {product} {ergonomic}
   size_t MaxNewSize                               = 1281359872                                {product} {ergonomic}
   size_t MinHeapDeltaBytes                        = 1048576                                   {product} {ergonomic}
   size_t MinHeapSize                              = 8388608                                   {product} {ergonomic}
    uintx NonProfiledCodeHeapSize                  = 0                                      {pd product} {ergonomic}
     bool ProfileInterpreter                       = false                                  {pd product} {command line}
    uintx ProfiledCodeHeapSize                     = 0                                      {pd product} {ergonomic}
     bool ShowCodeDetailsInExceptionMessages       = true                                   {manageable} {command line}
   size_t SoftMaxHeapSize                          = 2136997888                             {manageable} {ergonomic}
     intx TieredStopAtLevel                        = 1                                         {product} {command line}
     bool UseCompressedClassPointers               = true                           {product lp64_product} {ergonomic}
     bool UseCompressedOops                        = true                           {product lp64_product} {ergonomic}
     bool UseG1GC                                  = true                                      {product} {ergonomic}
     bool UseLargePagesIndividualAllocation        = false                                  {pd product} {ergonomic}

Logging:
Log output configuration:
 #0: stdout all=warning uptime,level,tags foldmultilines=false
 #1: stderr all=off uptime,level,tags foldmultilines=false

Environment Variables:
JAVA_HOME=C:\Program Files\Java\jdk1.8.0_341
PATH=C:/Users/walma/.p2/pool/plugins/org.eclipse.justj.openjdk.hotspot.jre.full.win32.x86_64_14.0.2.v20200815-0932/jre/bin/server;C:/Users/walma/.p2/pool/plugins/org.eclipse.justj.openjdk.hotspot.jre.full.win32.x86_64_14.0.2.v20200815-0932/jre/bin;C:\Program Files\Eclipse Adoptium\jdk-17.0.5.8-hotspot\bin;C:\Program Files (x86)\NAT Service;C:\Program Files\Java\jdk1.8.0_341bin;D:\app\walma\product\11.2.0\client_2;C:\oraclexe\app\oracle\product\11.2.0\server\bin;D:\app\walma\product\11.2.0\client_1;C:\Program Files (x86)\Common Files\Oracle\Java\javapath;C:\WINDOWS\system32;C:\WINDOWS;C:\WINDOWS\System32\Wbem;C:\WINDOWS\System32\WindowsPowerShell\v1.0\;C:\WINDOWS\System32\OpenSSH\;C:\Program Files\Git\cmd;C:\Program Files\PuTTY\;C:\Program Files\nodejs\;C:\PROGRA~1\JPKI;C:\Users\walma\AppData\Local\Programs\Python\Python310\Scripts\;C:\Users\walma\AppData\Local\Programs\Python\Python310\;C:\Users\walma\AppData\Local\Microsoft\WindowsApps;C:\Users\walma\AppData\Local\Programs\Microsoft VS Code\bin;C:\Users\walma\AppData\Local\atom\bin;C:\Users\walma\AppData\Roaming\npm;%USERPROFILE%\AppData\Local\Microsoft\WindowsApps;;C:\Users\walma\eclipse\java-2020-09\eclipse;
USERNAME=walma
OS=Windows_NT
PROCESSOR_IDENTIFIER=Intel64 Family 6 Model 60 Stepping 3, GenuineIntel
TMP=C:\Users\walma\AppData\Local\Temp
TEMP=C:\Users\walma\AppData\Local\Temp



---------------  S Y S T E M  ---------------

OS:
 Windows 10 , 64 bit Build 19041 (10.0.19041.2913)
OS uptime: 0 days 1:58 hours

CPU: total 4 (initial active 4) (4 cores per cpu, 1 threads per core) family 6 model 60 stepping 3 microcode 0x27, cx8, cmov, fxsr, mmx, sse, sse2, sse3, ssse3, sse4.1, sse4.2, popcnt, lzcnt, tsc, tscinvbit, avx, avx2, aes, erms, clmul, bmi1, bmi2, fma, vzeroupper, clflush, rdtscp

Memory: 4k page, system-wide physical 8145M (691M free)
TotalPageFile size 15057M (AvailPageFile size 5090M)
current process WorkingSet (physical memory assigned to process): 181M, peak: 181M
current process commit charge ("private bytes"): 213M, peak: 241M

vm_info: OpenJDK 64-Bit Server VM (19+36-2238) for windows-amd64 JRE (19+36-2238), built on 2022-08-12T20:29:01Z by "mach5one" with MS VC++ 17.1 (VS2022)

END.
